<?xml version="1.0" encoding="UTF-8"?>
<testng-results ignored="0" total="1" passed="1" failed="0" skipped="0">
  <reporter-output>
  </reporter-output>
  <suite started-at="2025-03-01T17:03:28 IST" name="Default suite" finished-at="2025-03-01T17:03:36 IST" duration-ms="7900">
    <groups>
    </groups>
    <test started-at="2025-03-01T17:03:28 IST" name="Default test" finished-at="2025-03-01T17:03:36 IST" duration-ms="7900">
      <class name="SwagLabLoginTest">
        <test-method is-config="true" signature="LaunchApplication()[pri:0, instance:SwagLabLoginTest@fbd1f6]" started-at="2025-03-01T17:03:29 IST" name="LaunchApplication" finished-at="2025-03-01T17:03:36 IST" duration-ms="7025" status="PASS">
          <reporter-output>
          </reporter-output>
        </test-method> <!-- LaunchApplication -->
        <test-method signature="verifySwagLabLogin()[pri:0, instance:SwagLabLoginTest@fbd1f6]" started-at="2025-03-01T17:03:36 IST" name="verifySwagLabLogin" finished-at="2025-03-01T17:03:36 IST" duration-ms="667" status="PASS">
          <reporter-output>
          </reporter-output>
        </test-method> <!-- verifySwagLabLogin -->
        <test-method is-config="true" signature="CloseBrowser()[pri:0, instance:SwagLabLoginTest@fbd1f6]" started-at="2025-03-01T17:03:36 IST" name="CloseBrowser" finished-at="2025-03-01T17:03:36 IST" duration-ms="131" status="PASS">
          <reporter-output>
          </reporter-output>
        </test-method> <!-- CloseBrowser -->
      </class> <!-- SwagLabLoginTest -->
    </test> <!-- Default test -->
  </suite> <!-- Default suite -->
</testng-results>
